<?xml version="1.0" encoding="UTF-8"?>
<!-- Generated by org.testng.reporters.JUnitXMLReporter -->
<testsuite hostname="LAPTOP-3A1JBNL3" name="Surefire test" tests="19" failures="0" timestamp="19 Dec 2018 22:01:56 GMT" time="0.079" errors="0">
  <testcase name="testZeroPower2 on testZeroPower2(Calculator_NataliiaZ.CalculatorTest)" time="0.01" classname="Calculator_NataliiaZ.CalculatorTest"/>
  <testcase name="testZeroPower3 on testZeroPower3(Calculator_NataliiaZ.CalculatorTest)" time="0.0" classname="Calculator_NataliiaZ.CalculatorTest"/>
  <testcase name="testZeroProcent on testZeroProcent(Calculator_NataliiaZ.CalculatorTest)" time="0.0" classname="Calculator_NataliiaZ.CalculatorTest"/>
  <testcase name="testAbs on testAbs(Calculator_NataliiaZ.CalculatorTest)" time="0.0" classname="Calculator_NataliiaZ.CalculatorTest"/>
  <testcase name="testRnd on testRnd(Calculator_NataliiaZ.CalculatorTest)" time="0.001" classname="Calculator_NataliiaZ.CalculatorTest"/>
  <testcase name="testSqrt on testSqrt(Calculator_NataliiaZ.CalculatorTest)" time="0.0" classname="Calculator_NataliiaZ.CalculatorTest"/>
  <testcase name="testZeroAbs on testZeroAbs(Calculator_NataliiaZ.CalculatorTest)" time="0.0" classname="Calculator_NataliiaZ.CalculatorTest"/>
  <testcase name="testZeroDivision on testZeroDivision(Calculator_NataliiaZ.CalculatorTest)" time="0.0" classname="Calculator_NataliiaZ.CalculatorTest"/>
  <testcase name="testProcent on testProcent(Calculator_NataliiaZ.CalculatorTest)" time="0.001" classname="Calculator_NataliiaZ.CalculatorTest"/>
  <testcase name="testMultiplication on testMultiplication(Calculator_NataliiaZ.CalculatorTest)" time="0.0" classname="Calculator_NataliiaZ.CalculatorTest"/>
  <testcase name="testAddition on testAddition(Calculator_NataliiaZ.CalculatorTest)" time="0.0" classname="Calculator_NataliiaZ.CalculatorTest"/>
  <testcase name="testDivision on testDivision(Calculator_NataliiaZ.CalculatorTest)" time="0.001" classname="Calculator_NataliiaZ.CalculatorTest"/>
  <testcase name="testZeroSqrt on testZeroSqrt(Calculator_NataliiaZ.CalculatorTest)" time="0.0" classname="Calculator_NataliiaZ.CalculatorTest"/>
  <testcase name="testPower2 on testPower2(Calculator_NataliiaZ.CalculatorTest)" time="0.0" classname="Calculator_NataliiaZ.CalculatorTest"/>
  <testcase name="testPower3 on testPower3(Calculator_NataliiaZ.CalculatorTest)" time="0.001" classname="Calculator_NataliiaZ.CalculatorTest"/>
  <testcase name="testZeroSubtraction on testZeroSubtraction(Calculator_NataliiaZ.CalculatorTest)" time="0.0" classname="Calculator_NataliiaZ.CalculatorTest"/>
  <testcase name="testSubtraction on testSubtraction(Calculator_NataliiaZ.CalculatorTest)" time="0.0" classname="Calculator_NataliiaZ.CalculatorTest"/>
  <testcase name="testZeroMultiplication on testZeroMultiplication(Calculator_NataliiaZ.CalculatorTest)" time="0.001" classname="Calculator_NataliiaZ.CalculatorTest"/>
  <testcase name="testZeroAddition on testZeroAddition(Calculator_NataliiaZ.CalculatorTest)" time="0.0" classname="Calculator_NataliiaZ.CalculatorTest"/>
</testsuite> <!-- Surefire test -->
